<?xml version="1.0" encoding="UTF-8"?>
<testsuite xmlns:xsi="http://www.w3.org/2001/XMLSchema-instance" xsi:noNamespaceSchemaLocation="https://maven.apache.org/surefire/maven-surefire-plugin/xsd/surefire-test-report-3.0.xsd" version="3.0" name="com.nt.BootRestAppApplicationTests" time="2.84" tests="1" errors="0" skipped="0" failures="0">
  <properties>
[...]
</properties>
  <testcase name="contextLoads" classname="com.nt.BootRestAppApplicationTests" time="0.846">
    <system-out><![CDATA[07:49:22.326 [main] INFO org.springframework.test.context.support.AnnotationConfigContextLoaderUtils -- Could not detect default configuration classes for test class [com.nt.BootRestAppApplicationTests]: BootRestAppApplicationTests does not declare any static, non-private, non-final, nested classes annotated with @Configuration.
07:49:22.433 [main] INFO org.springframework.boot.test.context.SpringBootTestContextBootstrapper -- Found @SpringBootConfiguration com.nt.BootRestAppApplication for test class com.nt.BootRestAppApplicationTests

  .   ____          _            __ _ _
 /\\ / ___'_ __ _ _(_)_ __  __ _ \ \ \ \
( ( )\___ | '_ | '_| | '_ \/ _` | \ \ \ \
 \\/  ___)| |_)| | | | | || (_| |  ) ) ) )
  '  |____| .__|_| |_|_| |_\__, | / / / /
 =========|_|==============|___/=/_/_/_/

 :: Spring Boot ::                (v3.3.2)

2024-07-22T07:49:22.841+05:30  INFO 17600 --- [BootRestApp] [           main] com.nt.BootRestAppApplicationTests       : Starting BootRestAppApplicationTests using Java 17.0.9 with PID 17600 (started by Nataraz in C:\Users\Nataraz\git\JRTP701Repo-EclipseApps-TLLocal1\BootRestApp)
2024-07-22T07:49:22.841+05:30  INFO 17600 --- [BootRestApp] [           main] com.nt.BootRestAppApplicationTests       : No active profile set, falling back to 1 default profile: "default"
2024-07-22T07:49:24.120+05:30  INFO 17600 --- [BootRestApp] [           main] com.nt.BootRestAppApplicationTests       : Started BootRestAppApplicationTests in 1.503 seconds (process running for 2.454)
]]></system-out>
  </testcase>
</testsuite>